<?xml version="1.0" encoding="UTF-8"?>
<testsuite xmlns:xsi="http://www.w3.org/2001/XMLSchema-instance" xsi:noNamespaceSchemaLocation="https://maven.apache.org/surefire/maven-surefire-plugin/xsd/surefire-test-report.xsd" name="com.calegario.drawingsadmin.AppTest" time="0.019" tests="1" errors="0" skipped="0" failures="0">
  <properties>
    <property name="sun.desktop" value="gnome"/>
    <property name="awt.toolkit" value="sun.awt.X11.XToolkit"/>
    <property name="java.specification.version" value="11"/>
    <property name="sun.cpu.isalist" value=""/>
    <property name="sun.jnu.encoding" value="UTF-8"/>
    <property name="java.class.path" value="/home/xlurio/Projects/DrawingsAdmin/drawingsadmin/target/test-classes:/home/xlurio/Projects/DrawingsAdmin/drawingsadmin/target/classes:/home/xlurio/.m2/repository/junit/junit/4.11/junit-4.11.jar:/home/xlurio/.m2/repository/org/hamcrest/hamcrest-core/1.3/hamcrest-core-1.3.jar:/home/xlurio/.m2/repository/com/calegario/defaultwins/1.0-SNAPSHOT/defaultwins-1.0-SNAPSHOT.jar:/home/xlurio/.m2/repository/com/calegario/csvdb/1.0-SNAPSHOT/csvdb-1.0-SNAPSHOT.jar:/home/xlurio/.m2/repository/com/calegario/filedbgen/1.0-SNAPSHOT/filedbgen-1.0-SNAPSHOT.jar:/home/xlurio/.m2/repository/com/opencsv/opencsv/5.6/opencsv-5.6.jar:/home/xlurio/.m2/repository/org/apache/commons/commons-lang3/3.12.0/commons-lang3-3.12.0.jar:/home/xlurio/.m2/repository/org/apache/commons/commons-text/1.9/commons-text-1.9.jar:/home/xlurio/.m2/repository/commons-beanutils/commons-beanutils/1.9.4/commons-beanutils-1.9.4.jar:/home/xlurio/.m2/repository/commons-logging/commons-logging/1.2/commons-logging-1.2.jar:/home/xlurio/.m2/repository/commons-collections/commons-collections/3.2.2/commons-collections-3.2.2.jar:/home/xlurio/.m2/repository/org/apache/commons/commons-collections4/4.4/commons-collections4-4.4.jar:"/>
    <property name="java.vm.vendor" value="Debian"/>
    <property name="sun.arch.data.model" value="64"/>
    <property name="java.vendor.url" value="https://tracker.debian.org/openjdk-11"/>
    <property name="user.timezone" value=""/>
    <property name="java.vm.specification.version" value="11"/>
    <property name="os.name" value="Linux"/>
    <property name="sun.java.launcher" value="SUN_STANDARD"/>
    <property name="user.country" value="US"/>
    <property name="sun.boot.library.path" value="/usr/lib/jvm/java-11-openjdk-amd64/lib"/>
    <property name="sun.java.command" value="/home/xlurio/Projects/DrawingsAdmin/drawingsadmin/target/surefire/surefirebooter16395861679275606158.jar /home/xlurio/Projects/DrawingsAdmin/drawingsadmin/target/surefire 2022-05-08T18-08-39_132-jvmRun1 surefire6844816851209840109tmp surefire_03621249025929271664tmp"/>
    <property name="jdk.debug" value="release"/>
    <property name="surefire.test.class.path" value="/home/xlurio/Projects/DrawingsAdmin/drawingsadmin/target/test-classes:/home/xlurio/Projects/DrawingsAdmin/drawingsadmin/target/classes:/home/xlurio/.m2/repository/junit/junit/4.11/junit-4.11.jar:/home/xlurio/.m2/repository/org/hamcrest/hamcrest-core/1.3/hamcrest-core-1.3.jar:/home/xlurio/.m2/repository/com/calegario/defaultwins/1.0-SNAPSHOT/defaultwins-1.0-SNAPSHOT.jar:/home/xlurio/.m2/repository/com/calegario/csvdb/1.0-SNAPSHOT/csvdb-1.0-SNAPSHOT.jar:/home/xlurio/.m2/repository/com/calegario/filedbgen/1.0-SNAPSHOT/filedbgen-1.0-SNAPSHOT.jar:/home/xlurio/.m2/repository/com/opencsv/opencsv/5.6/opencsv-5.6.jar:/home/xlurio/.m2/repository/org/apache/commons/commons-lang3/3.12.0/commons-lang3-3.12.0.jar:/home/xlurio/.m2/repository/org/apache/commons/commons-text/1.9/commons-text-1.9.jar:/home/xlurio/.m2/repository/commons-beanutils/commons-beanutils/1.9.4/commons-beanutils-1.9.4.jar:/home/xlurio/.m2/repository/commons-logging/commons-logging/1.2/commons-logging-1.2.jar:/home/xlurio/.m2/repository/commons-collections/commons-collections/3.2.2/commons-collections-3.2.2.jar:/home/xlurio/.m2/repository/org/apache/commons/commons-collections4/4.4/commons-collections4-4.4.jar:"/>
    <property name="sun.cpu.endian" value="little"/>
    <property name="user.home" value="/home/xlurio"/>
    <property name="user.language" value="en"/>
    <property name="java.specification.vendor" value="Oracle Corporation"/>
    <property name="java.version.date" value="2022-01-18"/>
    <property name="java.home" value="/usr/lib/jvm/java-11-openjdk-amd64"/>
    <property name="file.separator" value="/"/>
    <property name="basedir" value="/home/xlurio/Projects/DrawingsAdmin/drawingsadmin"/>
    <property name="java.vm.compressedOopsMode" value="32-bit"/>
    <property name="line.separator" value="&#10;"/>
    <property name="java.specification.name" value="Java Platform API Specification"/>
    <property name="java.vm.specification.vendor" value="Oracle Corporation"/>
    <property name="java.awt.graphicsenv" value="sun.awt.X11GraphicsEnvironment"/>
    <property name="surefire.real.class.path" value="/home/xlurio/Projects/DrawingsAdmin/drawingsadmin/target/surefire/surefirebooter16395861679275606158.jar"/>
    <property name="sun.management.compiler" value="HotSpot 64-Bit Tiered Compilers"/>
    <property name="java.runtime.version" value="11.0.14+9-post-Debian-1deb11u1"/>
    <property name="user.name" value="xlurio"/>
    <property name="path.separator" value=":"/>
    <property name="os.version" value="5.10.0-13-amd64"/>
    <property name="java.runtime.name" value="OpenJDK Runtime Environment"/>
    <property name="file.encoding" value="UTF-8"/>
    <property name="java.vm.name" value="OpenJDK 64-Bit Server VM"/>
    <property name="localRepository" value="/home/xlurio/.m2/repository"/>
    <property name="java.vendor.url.bug" value="https://bugs.debian.org/openjdk-11"/>
    <property name="java.io.tmpdir" value="/tmp"/>
    <property name="java.version" value="11.0.14"/>
    <property name="user.dir" value="/home/xlurio/Projects/DrawingsAdmin/drawingsadmin"/>
    <property name="os.arch" value="amd64"/>
    <property name="java.vm.specification.name" value="Java Virtual Machine Specification"/>
    <property name="java.awt.printerjob" value="sun.print.PSPrinterJob"/>
    <property name="sun.os.patch.level" value="unknown"/>
    <property name="java.library.path" value="/usr/java/packages/lib:/usr/lib/x86_64-linux-gnu/jni:/lib/x86_64-linux-gnu:/usr/lib/x86_64-linux-gnu:/usr/lib/jni:/lib:/usr/lib"/>
    <property name="java.vm.info" value="mixed mode, sharing"/>
    <property name="java.vendor" value="Debian"/>
    <property name="java.vm.version" value="11.0.14+9-post-Debian-1deb11u1"/>
    <property name="sun.io.unicode.encoding" value="UnicodeLittle"/>
    <property name="java.class.version" value="55.0"/>
  </properties>
  <testcase name="shouldAnswerWithTrue" classname="com.calegario.drawingsadmin.AppTest" time="0.002"/>
</testsuite>